This is TeX, Version 3.1415926 (MiKTeX 2.9) (preloaded format=tex 2018.6.1)  1 JUN 2018 19:12
**\Qcircuit @C=1em @R=.7em {

*& \ctrl{1} & \targ & \qw \\
! Misplaced alignment tab character &.
<*> &
      \ctrl{1} & \targ & \qw \\
? 
! Undefined control sequence.
<*> & \ctrl
           {1} & \targ & \qw \\
? & \targ & \ctrl{-1} & \qw}
Type <return> to proceed, S to scroll future error messages,
R to run without stopping, Q to run quietly,
I to insert something, 
1 or ... or 9 to ignore the next 1 to 9 tokens of input,
H for help, X to quit.
? 1
<*> & \ctrl{
            1} & \targ & \qw \\
? 2
<*> & \ctrl{1}
               & \targ & \qw \\
? 3
<*> & \ctrl{1} & 
                 \targ & \qw \\
? 4
<*> & \ctrl{1} & \targ & \qw
                             \\
? 5

*\Qcircuit @C=1em @R=.7em {
<*> \Qcircuit @C
                =1em @R=.7em {
? 

*& \ctrl{1} & \targ & \qw \\
! Misplaced alignment tab character &.
<*> &
      \ctrl{1} & \targ & \qw \\
? 
! Undefined control sequence.
<*> & \ctrl
           {1} & \targ & \qw \\
? & \targ & \ctrl{-1} & \qw}incorporate {'optimizer_time': 34.109375, 'referenc
e_time': 126.546875, 'cost_original': 4032, 'coupling_correct_original': False,
 'cost_optimized': 12014, 'coupling_correct_optimized': True, 'cost_reference':
 11515, 'coupling_correct_reference': True, 'state_correct_optimized': True}
Type <return> to proceed, S to scroll future error messages,
R to run without stopping, Q to run quietly,
I to insert something, 
1 or ... or 9 to ignore the next 1 to 9 tokens of input,
H for help, X to quit.
? {'optimizer_time': 39.703125, 'reference_time': 131.515625, 'cost_original': 
4032, 'coupling_correct_original': False, 'cost_optimized': 12119, 'coupling_co
rrect_optimized': True, 'cost_reference': 12069, 'coupling_correct_reference': 
True, 'state_correct_optimized': True}
Type <return> to proceed, S to scroll future error messages,
R to run without stopping, Q to run quietly,
I to insert something, 
1 or ... or 9 to ignore the next 1 to 9 tokens of input,
H for help, X to quit.
? {'optimizer_time': 35.03125, 'reference_time': 123.8125, 'cost_original': 403
2, 'coupling_correct_original': False, 'cost_optimized': 12909, 'coupling_corre
ct_optimized': True, 'cost_reference': 11956, 'coupling_correct_reference': Tru
e, 'state_correct_optimized': True}
Type <return> to proceed, S to scroll future error messages,
R to run without stopping, Q to run quietly,
I to insert something, 
1 or ... or 9 to ignore the next 1 to 9 tokens of input,
H for help, X to quit.
? {'optimizer_time': 30.53125, 'reference_time': 125.203125, 'cost_original': 4
032, 'coupling_correct_original': False, 'cost_optimized': 11871, 'coupling_cor
rect_optimized': True, 'cost_reference': 12412, 'coupling_correct_reference': T
rue, 'state_correct_optimized': True}
Type <return> to proceed, S to scroll future error messages,
R to run without stopping, Q to run quietly,
I to insert something, 
1 or ... or 9 to ignore the next 1 to 9 tokens of input,
H for help, X to quit.
? {'optimizer_time': 34.53125, 'reference_time': 129.4375, 'cost_original': 403
2, 'coupling_correct_original': False, 'cost_optimized': 12131, 'coupling_corre
ct_optimized': True, 'cost_reference': 12309, 'coupling_correct_reference': Tru
e, 'state_correct_optimized': True}
Type <return> to proceed, S to scroll future error messages,
R to run without stopping, Q to run quietly,
I to insert something, 
1 or ... or 9 to ignore the next 1 to 9 tokens of input,
H for help, X to quit.
? {'optimizer_time': 33.46875, 'reference_time': 130.015625, 'cost_original': 4
032, 'coupling_correct_original': False, 'cost_optimized': 11152, 'coupling_cor
rect_optimized': True, 'cost_reference': 12091, 'coupling_correct_reference': T
rue, 'state_correct_optimized': True}
Type <return> to proceed, S to scroll future error messages,
R to run without stopping, Q to run quietly,
I to insert something, 
1 or ... or 9 to ignore the next 1 to 9 tokens of input,
H for help, X to quit.
? {'optimizer_time': 35.515625, 'reference_time': 124.5, 'cost_original': 4032,
 'coupling_correct_original': False, 'cost_optimized': 13037, 'coupling_correct
_optimized': True, 'cost_reference': 12044, 'coupling_correct_reference': True,
 'state_correct_optimized': True}
Type <return> to proceed, S to scroll future error messages,
R to run without stopping, Q to run quietly,
I to insert something, 
1 or ... or 9 to ignore the next 1 to 9 tokens of input,
H for help, X to quit.
? {'optimizer_time': 35.546875, 'reference_time': 123.390625, 'cost_original': 
4032, 'coupling_correct_original': False, 'cost_optimized': 11944, 'coupling_co
rrect_optimized': True, 'cost_reference': 12305, 'coupling_correct_reference': 
True, 'state_correct_optimized': True}
Type <return> to proceed, S to scroll future error messages,
R to run without stopping, Q to run quietly,
I to insert something, 
1 or ... or 9 to ignore the next 1 to 9 tokens of input,
H for help, X to quit.
? {'optimizer_time': 32.15625, 'reference_time': 121.765625, 'cost_original': 4
032, 'coupling_correct_original': False, 'cost_optimized': 10848, 'coupling_cor
rect_optimized': True, 'cost_reference': 11301, 'coupling_correct_reference': T
rue, 'state_correct_optimized': True}
Type <return> to proceed, S to scroll future error messages,
R to run without stopping, Q to run quietly,
I to insert something, 
1 or ... or 9 to ignore the next 1 to 9 tokens of input,
H for help, X to quit.
? {'optimizer_time': 34.0625, 'reference_time': 131.078125, 'cost_original': 40
32, 'coupling_correct_original': False, 'sim_time_orig': 0.421875, 'cost_optimi
zed': 11805, 'coupling_correct_optimized': True, 'sim_time_opti': 0.328125, 'co
st_reference': 12482, 'coupling_correct_reference': True, 'state_correct_optimi
zed': True}
Type <return> to proceed, S to scroll future error messages,
R to run without stopping, Q to run quietly,
I to insert something, 
1 or ... or 9 to ignore the next 1 to 9 tokens of input,
H for help, X to quit.
? (1.004998395025731, 3.676851988535903){'optimizer_time': 34.109375, 'referenc
e_time': 126.546875, 'cost_original': 4032, 'coupling_correct_original': False,
 'cost_optimized': 12014, 'coupling_correct_optimized': True, 'cost_reference':
 11515, 'coupling_correct_reference': True, 'state_correct_optimized': True}
Type <return> to proceed, S to scroll future error messages,
R to run without stopping, Q to run quietly,
I to insert something, 
1 or ... or 9 to ignore the next 1 to 9 tokens of input,
H for help, X to quit.
? {'optimizer_time': 39.703125, 'reference_time': 131.515625, 'cost_original': 
4032, 'coupling_correct_original': False, 'cost_optimized': 12119, 'coupling_co
rrect_optimized': True, 'cost_reference': 12069, 'coupling_correct_reference': 
True, 'state_correct_optimized': True}
Type <return> to proceed, S to scroll future error messages,
R to run without stopping, Q to run quietly,
I to insert something, 
1 or ... or 9 to ignore the next 1 to 9 tokens of input,
H for help, X to quit.
? {'optimizer_time': 35.03125, 'reference_time': 123.8125, 'cost_original': 403
2, 'coupling_correct_original': False, 'cost_optimized': 12909, 'coupling_corre
ct_optimized': True, 'cost_reference': 11956, 'coupling_correct_reference': Tru
e, 'state_correct_optimized': True}
Type <return> to proceed, S to scroll future error messages,
R to run without stopping, Q to run quietly,
I to insert something, 
1 or ... or 9 to ignore the next 1 to 9 tokens of input,
H for help, X to quit.
? {'optimizer_time': 30.53125, 'reference_time': 125.203125, 'cost_original': 4
032, 'coupling_correct_original': False, 'cost_optimized': 11871, 'coupling_cor
rect_optimized': True, 'cost_reference': 12412, 'coupling_correct_reference': T
rue, 'state_correct_optimized': True}
Type <return> to proceed, S to scroll future error messages,
R to run without stopping, Q to run quietly,
I to insert something, 
1 or ... or 9 to ignore the next 1 to 9 tokens of input,
H for help, X to quit.
? {'optimizer_time': 34.53125, 'reference_time': 129.4375, 'cost_original': 403
2, 'coupling_correct_original': False, 'cost_optimized': 12131, 'coupling_corre
ct_optimized': True, 'cost_reference': 12309, 'coupling_correct_reference': Tru
e, 'state_correct_optimized': True}
Type <return> to proceed, S to scroll future error messages,
R to run without stopping, Q to run quietly,
I to insert something, 
1 or ... or 9 to ignore the next 1 to 9 tokens of input,
H for help, X to quit.
? {'optimizer_time': 33.46875, 'reference_time': 130.015625, 'cost_original': 4
032, 'coupling_correct_original': False, 'cost_optimized': 11152, 'coupling_cor
rect_optimized': True, 'cost_reference': 12091, 'coupling_correct_reference': T
rue, 'state_correct_optimized': True}
Type <return> to proceed, S to scroll future error messages,
R to run without stopping, Q to run quietly,
I to insert something, 
1 or ... or 9 to ignore the next 1 to 9 tokens of input,
H for help, X to quit.
? {'optimizer_time': 35.515625, 'reference_time': 124.5, 'cost_original': 4032,
 'coupling_correct_original': False, 'cost_optimized': 13037, 'coupling_correct
_optimized': True, 'cost_reference': 12044, 'coupling_correct_reference': True,
 'state_correct_optimized': True}
Type <return> to proceed, S to scroll future error messages,
R to run without stopping, Q to run quietly,
I to insert something, 
1 or ... or 9 to ignore the next 1 to 9 tokens of input,
H for help, X to quit.
? {'optimizer_time': 35.546875, 'reference_time': 123.390625, 'cost_original': 
4032, 'coupling_correct_original': False, 'cost_optimized': 11944, 'coupling_co
rrect_optimized': True, 'cost_reference': 12305, 'coupling_correct_reference': 
True, 'state_correct_optimized': True}
Type <return> to proceed, S to scroll future error messages,
R to run without stopping, Q to run quietly,
I to insert something, 
1 or ... or 9 to ignore the next 1 to 9 tokens of input,
H for help, X to quit.
? {'optimizer_time': 32.15625, 'reference_time': 121.765625, 'cost_original': 4
032, 'coupling_correct_original': False, 'cost_optimized': 10848, 'coupling_cor
rect_optimized': True, 'cost_reference': 11301, 'coupling_correct_reference': T
rue, 'state_correct_optimized': True}
Type <return> to proceed, S to scroll future error messages,
R to run without stopping, Q to run quietly,
I to insert something, 
1 or ... or 9 to ignore the next 1 to 9 tokens of input,
H for help, X to quit.
? {'optimizer_time': 34.0625, 'reference_time': 131.078125, 'cost_original': 40
32, 'coupling_correct_original': False, 'sim_time_orig': 0.421875, 'cost_optimi
zed': 11805, 'coupling_correct_optimized': True, 'sim_time_opti': 0.328125, 'co
st_reference': 12482, 'coupling_correct_reference': True, 'state_correct_optimi
zed': True}
Type <return> to proceed, S to scroll future error messages,
R to run without stopping, Q to run quietly,
I to insert something, 
1 or ... or 9 to ignore the next 1 to 9 tokens of input,
H for help, X to quit.
? 
! Emergency stop.
<*> & \ctrl
           {1} & \targ & \qw \\
End of file on the terminal!

No pages of output.
